Arguments: 
  C:\Program Files\nodejs\node.exe C:\Users\jaekw\AppData\Roaming\npm\node_modules\yarn\bin\yarn.js init

PATH: 
  C:\Users\jaekw\bin;C:\Program Files\Git\mingw64\bin;C:\Program Files\Git\usr\local\bin;C:\Program Files\Git\usr\bin;C:\Program Files\Git\usr\bin;C:\Program Files\Git\mingw64\bin;C:\Program Files\Git\usr\bin;C:\Users\jaekw\bin;C:\WINDOWS\system32;C:\WINDOWS;C:\WINDOWS\System32\Wbem;C:\WINDOWS\System32\WindowsPowerShell\v1.0;C:\WINDOWS\System32\OpenSSH;C:\Program Files\Git\cmd;C:\Program Files\nodejs;C:\Program Files\Docker\Docker\resources\bin;C:\ProgramData\DockerDesktop\version-bin;C:\Users\jaekw\AppData\Local\Microsoft\WindowsApps;C:\Users\jaekw\AppData\Roaming\npm;C:\Users\jaekw\AppData\Local\Programs\Microsoft VS Code\bin;C:\Program Files\Git\usr\bin\vendor_perl;C:\Program Files\Git\usr\bin\core_perl

Yarn version: 
  1.22.0

Node version: 
  12.16.1

Platform: 
  win32 x64

Trace: 
  Error: Can't answer a question unless a user TTY
      at ConsoleReporter.question (C:\Users\jaekw\AppData\Roaming\npm\node_modules\yarn\lib\cli.js:96783:59)
      at Object.<anonymous> (C:\Users\jaekw\AppData\Roaming\npm\node_modules\yarn\lib\cli.js:89063:38)
      at Generator.next (<anonymous>)
      at step (C:\Users\jaekw\AppData\Roaming\npm\node_modules\yarn\lib\cli.js:310:30)
      at C:\Users\jaekw\AppData\Roaming\npm\node_modules\yarn\lib\cli.js:321:13
      at processTicksAndRejections (internal/process/task_queues.js:97:5)

npm manifest: 
  {
    "name": "suyun4.github.io",
    "version": "1.0.0",
    "description": "Monty Hall Problem",
    "main": "index.js",
    "scripts": {
      "test": "echo \"Error: no test specified\" && exit 1"
    },
    "repository": {
      "type": "git",
      "url": "git+https://github.com/suyun4/suyun4.github.io.git"
    },
    "author": "",
    "license": "ISC",
    "bugs": {
      "url": "https://github.com/suyun4/suyun4.github.io/issues"
    },
    "homepage": "https://github.com/suyun4/suyun4.github.io#readme",
    "dependencies": {
      "eslint": "^6.6.0"
    }
  }

yarn manifest: 
  No manifest

Lockfile: 
  No lockfile
